Copyright 1986-2019 Xilinx, Inc. All Rights Reserved.
----------------------------------------------------------------------------------------------------------------------------------
| Tool Version     : Vivado v.2019.2 (win64) Build 2708876 Wed Nov  6 21:40:23 MST 2019
| Date             : Wed Feb  5 13:17:40 2020
| Host             : DESKTOP-FPAAR5U running 64-bit major release  (build 9200)
| Command          : report_power -file FLXG_power_routed.rpt -pb FLXG_power_summary_routed.pb -rpx FLXG_power_routed.rpx
| Design           : FLXG
| Device           : xc7a100tcsg324-1
| Design State     : routed
| Grade            : commercial
| Process          : typical
| Characterization : Production
----------------------------------------------------------------------------------------------------------------------------------

Power Report

Table of Contents
-----------------
1. Summary
1.1 On-Chip Components
1.2 Power Supply Summary
1.3 Confidence Level
2. Settings
2.1 Environment
2.2 Clock Constraints
3. Detailed Reports
3.1 By Hierarchy

1. Summary
----------

+--------------------------+--------------+
| Total On-Chip Power (W)  | 0.334        |
| Design Power Budget (W)  | Unspecified* |
| Power Budget Margin (W)  | NA           |
| Dynamic (W)              | 0.231        |
| Device Static (W)        | 0.103        |
| Effective TJA (C/W)      | 4.6          |
| Max Ambient (C)          | 83.5         |
| Junction Temperature (C) | 26.5         |
| Confidence Level         | Low          |
| Setting File             | ---          |
| Simulation Activity File | ---          |
| Design Nets Matched      | NA           |
+--------------------------+--------------+
* Specify Design Power Budget using, set_operating_conditions -design_power_budget <value in Watts>


1.1 On-Chip Components
----------------------

+----------------+-----------+----------+-----------+-----------------+
| On-Chip        | Power (W) | Used     | Available | Utilization (%) |
+----------------+-----------+----------+-----------+-----------------+
| Clocks         |     0.013 |        5 |       --- |             --- |
| Slice Logic    |     0.031 |     7582 |       --- |             --- |
|   LUT as Logic |     0.030 |     4367 |     63400 |            6.89 |
|   CARRY4       |    <0.001 |      260 |     15850 |            1.64 |
|   Register     |    <0.001 |     1510 |    126800 |            1.19 |
|   F7/F8 Muxes  |    <0.001 |      119 |     63400 |            0.19 |
|   Others       |     0.000 |      387 |       --- |             --- |
| Signals        |     0.027 |     6588 |       --- |             --- |
| Block RAM      |     0.020 |    102.5 |       135 |           75.93 |
| MMCM           |     0.122 |        1 |         6 |           16.67 |
| I/O            |     0.019 |       54 |       210 |           25.71 |
| Static Power   |     0.103 |          |           |                 |
| Total          |     0.334 |          |           |                 |
+----------------+-----------+----------+-----------+-----------------+


1.2 Power Supply Summary
------------------------

+-----------+-------------+-----------+-------------+------------+
| Source    | Voltage (V) | Total (A) | Dynamic (A) | Static (A) |
+-----------+-------------+-----------+-------------+------------+
| Vccint    |       1.000 |     0.107 |       0.089 |      0.018 |
| Vccaux    |       1.800 |     0.086 |       0.068 |      0.018 |
| Vcco33    |       3.300 |     0.009 |       0.005 |      0.004 |
| Vcco25    |       2.500 |     0.000 |       0.000 |      0.000 |
| Vcco18    |       1.800 |     0.000 |       0.000 |      0.000 |
| Vcco15    |       1.500 |     0.000 |       0.000 |      0.000 |
| Vcco135   |       1.350 |     0.000 |       0.000 |      0.000 |
| Vcco12    |       1.200 |     0.000 |       0.000 |      0.000 |
| Vccaux_io |       1.800 |     0.000 |       0.000 |      0.000 |
| Vccbram   |       1.000 |     0.005 |       0.002 |      0.003 |
| MGTAVcc   |       1.000 |     0.000 |       0.000 |      0.000 |
| MGTAVtt   |       1.200 |     0.000 |       0.000 |      0.000 |
| Vccadc    |       1.800 |     0.020 |       0.000 |      0.020 |
+-----------+-------------+-----------+-------------+------------+


1.3 Confidence Level
--------------------

+-----------------------------+------------+--------------------------------------------------------+------------------------------------------------------------------------------------------------------------+
| User Input Data             | Confidence | Details                                                | Action                                                                                                     |
+-----------------------------+------------+--------------------------------------------------------+------------------------------------------------------------------------------------------------------------+
| Design implementation state | High       | Design is routed                                       |                                                                                                            |
| Clock nodes activity        | High       | User specified more than 95% of clocks                 |                                                                                                            |
| I/O nodes activity          | Low        | More than 75% of inputs are missing user specification | Provide missing input activity with simulation results or by editing the "By Resource Type -> I/Os" view   |
| Internal nodes activity     | Medium     | User specified less than 25% of internal nodes         | Provide missing internal nodes activity with simulation results or by editing the "By Resource Type" views |
| Device models               | High       | Device models are Production                           |                                                                                                            |
|                             |            |                                                        |                                                                                                            |
| Overall confidence level    | Low        |                                                        |                                                                                                            |
+-----------------------------+------------+--------------------------------------------------------+------------------------------------------------------------------------------------------------------------+


2. Settings
-----------

2.1 Environment
---------------

+-----------------------+--------------------------+
| Ambient Temp (C)      | 25.0                     |
| ThetaJA (C/W)         | 4.6                      |
| Airflow (LFM)         | 250                      |
| Heat Sink             | medium (Medium Profile)  |
| ThetaSA (C/W)         | 4.6                      |
| Board Selection       | medium (10"x10")         |
| # of Board Layers     | 12to15 (12 to 15 Layers) |
| Board Temperature (C) | 25.0                     |
+-----------------------+--------------------------+


2.2 Clock Constraints
---------------------

+------------------------------+-------------------------------------------+-----------------+
| Clock                        | Domain                                    | Constraint (ns) |
+------------------------------+-------------------------------------------+-----------------+
| VGA/clk_wiz_65M/inst/clk_in1 | clk_IBUF_BUFG                             |            10.0 |
| clk_out1_clk_wiz_65M         | VGA/clk_wiz_65M/inst/clk_out1_clk_wiz_65M |            15.4 |
| clkfbout_clk_wiz_65M         | VGA/clk_wiz_65M/inst/clkfbout_clk_wiz_65M |            50.0 |
+------------------------------+-------------------------------------------+-----------------+


3. Detailed Reports
-------------------

3.1 By Hierarchy
----------------

+--------------------------+-----------+
| Name                     | Power (W) |
+--------------------------+-----------+
| FLXG                     |     0.231 |
|   Down_Move              |     0.010 |
|   Left_Move              |     0.010 |
|   Right_Move             |     0.007 |
|   Up_Move                |     0.008 |
|   VGA                    |     0.152 |
|     blk_mem_gen_1024     |     0.001 |
|       U0                 |     0.001 |
|     blk_mem_gen_128      |     0.001 |
|       U0                 |     0.001 |
|     blk_mem_gen_16       |     0.001 |
|       U0                 |     0.001 |
|     blk_mem_gen_2        |     0.001 |
|       U0                 |     0.001 |
|     blk_mem_gen_256      |     0.001 |
|       U0                 |     0.001 |
|     blk_mem_gen_32       |     0.001 |
|       U0                 |     0.001 |
|     blk_mem_gen_4        |     0.001 |
|       U0                 |     0.001 |
|     blk_mem_gen_512      |     0.001 |
|       U0                 |     0.001 |
|     blk_mem_gen_64       |     0.001 |
|       U0                 |     0.001 |
|     blk_mem_gen_8        |     0.001 |
|       U0                 |     0.001 |
|     blk_mem_gen_num_none |     0.001 |
|       U0                 |     0.001 |
|     clk_wiz_65M          |     0.122 |
|       inst               |     0.122 |
|     img_cwk              |     0.002 |
|       U0                 |     0.002 |
|     img_fail             |     0.002 |
|       U0                 |     0.002 |
|     img_rst              |     0.005 |
|       U0                 |     0.005 |
|     img_success          |     0.002 |
|       U0                 |     0.002 |
|   nolabel_line194        |     0.017 |
+--------------------------+-----------+


